[debug] [2022-06-23T18:15:37.790Z] ----------------------------------------------------------------------
[debug] [2022-06-23T18:15:37.791Z] Command:       C:\Program Files\nodejs\node.exe C:\Users\Mark\AppData\Roaming\npm\node_modules\firebase-tools\lib\bin\firebase.js init
[debug] [2022-06-23T18:15:37.792Z] CLI Version:   11.1.0
[debug] [2022-06-23T18:15:37.792Z] Platform:      win32
[debug] [2022-06-23T18:15:37.792Z] Node Version:  v18.1.0
[debug] [2022-06-23T18:15:37.793Z] Time:          Thu Jun 23 2022 20:15:37 GMT+0200 (közép-európai nyári idő)
[debug] [2022-06-23T18:15:37.793Z] ----------------------------------------------------------------------
[debug] 
[debug] [2022-06-23T18:15:37.845Z] > command requires scopes: ["email","openid","https://www.googleapis.com/auth/cloudplatformprojects.readonly","https://www.googleapis.com/auth/firebase","https://www.googleapis.com/auth/cloud-platform"]
[debug] [2022-06-23T18:15:37.846Z] > authorizing via signed-in user (smark.siklodi@gmail.com)
[info] 
     ######## #### ########  ######## ########     ###     ######  ########
     ##        ##  ##     ## ##       ##     ##  ##   ##  ##       ##
     ######    ##  ########  ######   ########  #########  ######  ######
     ##        ##  ##    ##  ##       ##     ## ##     ##       ## ##
     ##       #### ##     ## ######## ########  ##     ##  ######  ########

You're about to initialize a Firebase project in this directory:

  C:\Users\Mark\ReactExpress\ReactExpress\FrontEnd

Before we get started, keep in mind:

  * You are initializing within an existing Firebase project directory

[info] 
=== Project Setup
[info] 
[info] First, let's associate this project directory with a Firebase project.
[info] You can create multiple project aliases by running firebase use --add, 
[info] but for now we'll just set up a default project.
[info] 
[debug] [2022-06-23T18:15:44.697Z] Using project from CLI flag: reactvizsga
[debug] [2022-06-23T18:15:44.699Z] >>> [apiv2][query] GET https://firebase.googleapis.com/v1beta1/projects/reactvizsga [none]
[debug] [2022-06-23T18:15:45.011Z] <<< [apiv2][status] GET https://firebase.googleapis.com/v1beta1/projects/reactvizsga 200
[debug] [2022-06-23T18:15:45.011Z] <<< [apiv2][body] GET https://firebase.googleapis.com/v1beta1/projects/reactvizsga {"projectId":"reactvizsga","projectNumber":"276176096219","displayName":"ReactVizsga","name":"projects/reactvizsga","resources":{"hostingSite":"reactvizsga","realtimeDatabaseInstance":"reactvizsga-default-rtdb","storageBucket":"reactvizsga.appspot.com","locationId":"europe-central2"},"state":"ACTIVE"}
[info] i  Using project reactvizsga (ReactVizsga) 
[info] 
=== Hosting Setup
[info] 
[info] Your public directory is the folder (relative to your project directory) that
[info] will contain Hosting assets to be uploaded with firebase deploy. If you
[info] have a build process for your assets, use your build's output directory.
[info] 
[info] i  Skipping write of public/404.html 
[debug] [2022-06-23T18:15:52.781Z] >>> [apiv2][query] GET https://www.gstatic.com/firebasejs/releases.json [none]
[debug] [2022-06-23T18:15:52.830Z] <<< [apiv2][status] GET https://www.gstatic.com/firebasejs/releases.json 200
[debug] [2022-06-23T18:15:52.830Z] <<< [apiv2][body] GET https://www.gstatic.com/firebasejs/releases.json {"current":{"version":"9.8.3","browserURL":"https://www.gstatic.com/firebasejs/9.8.3/firebase.js","packageURL":"https://www.gstatic.com/firebasejs/9.8.3/firebase.tgz"},"live":{"version":"9.8","browserURL":"https://www.gstatic.com/firebasejs/live/9.8/firebase.js","packageURL":"https://www.gstatic.com/firebasejs/live/9.8/firebase.tgz"},"components":{"analytics":"https://www.gstatic.com/firebasejs/9.8.3/firebase-analytics.js","app":"https://www.gstatic.com/firebasejs/9.8.3/firebase-app.js","app-check":"https://www.gstatic.com/firebasejs/9.8.3/firebase-app-check.js","auth":"https://www.gstatic.com/firebasejs/9.8.3/firebase-auth.js","auth/cordova":"https://www.gstatic.com/firebasejs/9.8.3/firebase-auth/cordova.js","auth/react-native":"https://www.gstatic.com/firebasejs/9.8.3/firebase-auth/react-native.js","functions":"https://www.gstatic.com/firebasejs/9.8.3/firebase-functions.js","firestore":"https://www.gstatic.com/firebasejs/9.8.3/firebase-firestore.js","firestore/lite":"https://www.gstatic.com/firebasejs/9.8.3/firebase-firestore/lite.js","storage":"https://www.gstatic.com/firebasejs/9.8.3/firebase-storage.js","performance":"https://www.gstatic.com/firebasejs/9.8.3/firebase-performance.js","remote-config":"https://www.gstatic.com/firebasejs/9.8.3/firebase-remote-config.js","messaging":"https://www.gstatic.com/firebasejs/9.8.3/firebase-messaging.js","messaging/sw":"https://www.gstatic.com/firebasejs/9.8.3/firebase-messaging/sw.js","database":"https://www.gstatic.com/firebasejs/9.8.3/firebase-database.js","firestore.memory":"https://www.gstatic.com/firebasejs/9.8.3/firebase-firestore.memory.js"}}
[info] i  Skipping write of public/index.html 
[info] 
[info] i  Detected a .git folder at C:\Users\Mark\ReactExpress\ReactExpress 
[info] i  Authorizing with GitHub to upload your service account to a GitHub repository's secrets store. 
[info] 
[info] Visit this URL on this device to log in:
[info] https://github.com/login/oauth/authorize?client_id=89cf50f02ac6aaed3484&state=852614289&redirect_uri=http%3A%2F%2Flocalhost%3A9005&scope=read%3Auser%20repo%20public_repo
[info] 
[info] Waiting for authentication...
[debug] [2022-06-23T18:15:54.809Z] >>> [apiv2][query] POST https://github.com/login/oauth/access_token [none]
[debug] [2022-06-23T18:15:54.809Z] >>> [apiv2][body] POST https://github.com/login/oauth/access_token [stream]
[debug] [2022-06-23T18:15:55.107Z] <<< [apiv2][status] POST https://github.com/login/oauth/access_token 200
[debug] [2022-06-23T18:15:55.107Z] <<< [apiv2][body] POST https://github.com/login/oauth/access_token {"access_token":"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","token_type":"bearer","scope":"read:user,repo"}
[debug] [2022-06-23T18:15:55.112Z] >>> [apiv2][query] GET https://api.github.com/user [none]
[debug] [2022-06-23T18:15:55.411Z] <<< [apiv2][status] GET https://api.github.com/user 200
[debug] [2022-06-23T18:15:55.411Z] <<< [apiv2][body] GET https://api.github.com/user {"login":"SMark2256","id":55351189,"node_id":"MDQ6VXNlcjU1MzUxMTg5","avatar_url":"https://avatars.githubusercontent.com/u/55351189?v=4","gravatar_id":"","url":"https://api.github.com/users/SMark2256","html_url":"https://github.com/SMark2256","followers_url":"https://api.github.com/users/SMark2256/followers","following_url":"https://api.github.com/users/SMark2256/following{/other_user}","gists_url":"https://api.github.com/users/SMark2256/gists{/gist_id}","starred_url":"https://api.github.com/users/SMark2256/starred{/owner}{/repo}","subscriptions_url":"https://api.github.com/users/SMark2256/subscriptions","organizations_url":"https://api.github.com/users/SMark2256/orgs","repos_url":"https://api.github.com/users/SMark2256/repos","events_url":"https://api.github.com/users/SMark2256/events{/privacy}","received_events_url":"https://api.github.com/users/SMark2256/received_events","type":"User","site_admin":false,"name":"Scridon-Siklódi Márk","company":null,"blog":"","location":"Hungary","email":null,"hireable":null,"bio":"* HTML\r\n* BootStrap 5\r\n* PHP\r\n* MsSQL, Oracle SQL\r\n* JS\r\n* React:  Redux/NextJS/Express","twitter_username":null,"public_repos":5,"public_gists":0,"followers":0,"following":1,"created_at":"2019-09-15T12:47:16Z","updated_at":"2022-06-13T16:51:30Z","private_gists":0,"total_private_repos":5,"owned_private_repos":5,"disk_usage":160749,"collaborators":0,"two_factor_authentication":false,"plan":{"name":"free","space":976562499,"collaborators":0,"private_repos":10000}}
[info] 
[info] +  Success! Logged into GitHub as SMark2256 
[info] 
